<?xml version="1.0" encoding="UTF-8"?>
<testsuite name="PostTest" tests="3" skipped="0" failures="0" errors="0" timestamp="2021-09-23T23:54:10" hostname="macbook-2021" time="2.098">
  <properties/>
  <testcase name="responseTokenTest" classname="PostTest" time="0.746"/>
  <testcase name="serverResponseTest" classname="PostTest" time="0.772"/>
  <testcase name="userBodyResponseTest" classname="PostTest" time="0.574"/>
  <system-out><![CDATA[Request method:	POST
Request URI:	https://reqres.in/api/login
Proxy:			<none>
Request params:	<none>
Query params:	<none>
Form params:	<none>
Path params:	<none>
Headers:		Accept=*/*
				Content-Type=application/json
Cookies:		<none>
Multiparts:		<none>
Body:
{
    "password": "cityslicka",
    "email": "eve.holt@reqres.in"
}
Request method:	POST
Request URI:	https://reqres.in/api/login
Proxy:			<none>
Request params:	<none>
Query params:	<none>
Form params:	<none>
Path params:	<none>
Headers:		Accept=*/*
				Content-Type=application/json
Cookies:		<none>
Multiparts:		<none>
Body:
{
    "password": "cityslicka",
    "email": "eve.holt@reqres.in"
}
HTTP/1.1 200 OK
Date: Thu, 23 Sep 2021 23:54:10 GMT
Content-Type: application/json; charset=utf-8
Content-Length: 29
Connection: keep-alive
x-powered-by: Express
access-control-allow-origin: *
etag: W/"1d-lGCrvD6B7Qzk11+2C98+nGhhuec"
via: 1.1 vegur
CF-Cache-Status: DYNAMIC
Expect-CT: max-age=604800, report-uri="https://report-uri.cloudflare.com/cdn-cgi/beacon/expect-ct"
Report-To: {"endpoints":[{"url":"https:\/\/a.nel.cloudflare.com\/report\/v3?s=CYTvl8mZpH5zsKNo%2FZ%2BWTYwY7nScHME6PzPlwhko%2FJuILecp6asgagwqigEJzkBfElaFRcL8IwiL6cIpY0FpSMJSHHSBnyjD%2Fi6vtUuYadSjpxalob%2FJj1h0Tdw%3D"}],"group":"cf-nel","max_age":604800}
NEL: {"success_fraction":0,"report_to":"cf-nel","max_age":604800}
Server: cloudflare
CF-RAY: 6937b2571b33e526-ARI
alt-svc: h3=":443"; ma=86400, h3-29=":443"; ma=86400, h3-28=":443"; ma=86400, h3-27=":443"; ma=86400

{
    "token": "QpwL5tke4Pnpja7X4"
}
HTTP/1.1 200 OK
Date: Thu, 23 Sep 2021 23:54:10 GMT
Content-Type: application/json; charset=utf-8
Content-Length: 29
Connection: keep-alive
x-powered-by: Express
access-control-allow-origin: *
etag: W/"1d-lGCrvD6B7Qzk11+2C98+nGhhuec"
via: 1.1 vegur
CF-Cache-Status: DYNAMIC
Expect-CT: max-age=604800, report-uri="https://report-uri.cloudflare.com/cdn-cgi/beacon/expect-ct"
Report-To: {"endpoints":[{"url":"https:\/\/a.nel.cloudflare.com\/report\/v3?s=CYTvl8mZpH5zsKNo%2FZ%2BWTYwY7nScHME6PzPlwhko%2FJuILecp6asgagwqigEJzkBfElaFRcL8IwiL6cIpY0FpSMJSHHSBnyjD%2Fi6vtUuYadSjpxalob%2FJj1h0Tdw%3D"}],"group":"cf-nel","max_age":604800}
NEL: {"success_fraction":0,"report_to":"cf-nel","max_age":604800}
Server: cloudflare
CF-RAY: 6937b2571b33e526-ARI
alt-svc: h3=":443"; ma=86400, h3-29=":443"; ma=86400, h3-28=":443"; ma=86400, h3-27=":443"; ma=86400

{
    "token": "QpwL5tke4Pnpja7X4"
}
Request method:	POST
Request URI:	https://reqres.in/api/login
Proxy:			<none>
Request params:	<none>
Query params:	<none>
Form params:	<none>
Path params:	<none>
Headers:		Accept=*/*
				Content-Type=application/json
Cookies:		<none>
Multiparts:		<none>
Body:
{
    "password": "cityslicka",
    "email": "eve.holt@reqres.in"
}
Request method:	POST
Request URI:	https://reqres.in/api/login
Proxy:			<none>
Request params:	<none>
Query params:	<none>
Form params:	<none>
Path params:	<none>
Headers:		Accept=*/*
				Content-Type=application/json
Cookies:		<none>
Multiparts:		<none>
Body:
{
    "password": "cityslicka",
    "email": "eve.holt@reqres.in"
}
HTTP/1.1 200 OK
Date: Thu, 23 Sep 2021 23:54:11 GMT
Content-Type: application/json; charset=utf-8
Content-Length: 29
Connection: keep-alive
x-powered-by: Express
access-control-allow-origin: *
etag: W/"1d-lGCrvD6B7Qzk11+2C98+nGhhuec"
via: 1.1 vegur
CF-Cache-Status: DYNAMIC
Expect-CT: max-age=604800, report-uri="https://report-uri.cloudflare.com/cdn-cgi/beacon/expect-ct"
Report-To: {"endpoints":[{"url":"https:\/\/a.nel.cloudflare.com\/report\/v3?s=1gS40%2FowKr1HMoDtdkggJHkukpDNhDd9LCg4Sq8w6a%2FLupE1n0tw8Skr2lFNCSP%2BDuSUkZMxX0RcrZWsnN3HePpiD3TRj1U6itYgozcR7wH89En6CxoID4WD0Ek%3D"}],"group":"cf-nel","max_age":604800}
NEL: {"success_fraction":0,"report_to":"cf-nel","max_age":604800}
Server: cloudflare
CF-RAY: 6937b25bbb72e51a-ARI
alt-svc: h3=":443"; ma=86400, h3-29=":443"; ma=86400, h3-28=":443"; ma=86400, h3-27=":443"; ma=86400

{
    "token": "QpwL5tke4Pnpja7X4"
}
HTTP/1.1 200 OK
Date: Thu, 23 Sep 2021 23:54:11 GMT
Content-Type: application/json; charset=utf-8
Content-Length: 29
Connection: keep-alive
x-powered-by: Express
access-control-allow-origin: *
etag: W/"1d-lGCrvD6B7Qzk11+2C98+nGhhuec"
via: 1.1 vegur
CF-Cache-Status: DYNAMIC
Expect-CT: max-age=604800, report-uri="https://report-uri.cloudflare.com/cdn-cgi/beacon/expect-ct"
Report-To: {"endpoints":[{"url":"https:\/\/a.nel.cloudflare.com\/report\/v3?s=1gS40%2FowKr1HMoDtdkggJHkukpDNhDd9LCg4Sq8w6a%2FLupE1n0tw8Skr2lFNCSP%2BDuSUkZMxX0RcrZWsnN3HePpiD3TRj1U6itYgozcR7wH89En6CxoID4WD0Ek%3D"}],"group":"cf-nel","max_age":604800}
NEL: {"success_fraction":0,"report_to":"cf-nel","max_age":604800}
Server: cloudflare
CF-RAY: 6937b25bbb72e51a-ARI
alt-svc: h3=":443"; ma=86400, h3-29=":443"; ma=86400, h3-28=":443"; ma=86400, h3-27=":443"; ma=86400

{
    "token": "QpwL5tke4Pnpja7X4"
}
Request method:	POST
Request URI:	https://reqres.in/api/login
Proxy:			<none>
Request params:	<none>
Query params:	<none>
Form params:	<none>
Path params:	<none>
Headers:		Accept=*/*
				Content-Type=application/json
Cookies:		<none>
Multiparts:		<none>
Body:
{
    "password": "cityslicka",
    "email": "eve.holt@reqres.in"
}
Request method:	POST
Request URI:	https://reqres.in/api/login
Proxy:			<none>
Request params:	<none>
Query params:	<none>
Form params:	<none>
Path params:	<none>
Headers:		Accept=*/*
				Content-Type=application/json
Cookies:		<none>
Multiparts:		<none>
Body:
{
    "password": "cityslicka",
    "email": "eve.holt@reqres.in"
}
HTTP/1.1 200 OK
Date: Thu, 23 Sep 2021 23:54:12 GMT
Content-Type: application/json; charset=utf-8
Content-Length: 29
Connection: keep-alive
x-powered-by: Express
access-control-allow-origin: *
etag: W/"1d-lGCrvD6B7Qzk11+2C98+nGhhuec"
via: 1.1 vegur
CF-Cache-Status: DYNAMIC
Expect-CT: max-age=604800, report-uri="https://report-uri.cloudflare.com/cdn-cgi/beacon/expect-ct"
Report-To: {"endpoints":[{"url":"https:\/\/a.nel.cloudflare.com\/report\/v3?s=%2Feq8UpYJTf0jkocN4wEr9IbNjnmjWzvM%2FmQrmAOl9B06Ztj2Gf%2BWVKkQW1wcrY9FVHCbeXM0DrA7n6Ion6VhP8ypUVjD2HmpVNoQysLEH01ysrsrUN%2BRiJYk1XQ%3D"}],"group":"cf-nel","max_age":604800}
NEL: {"success_fraction":0,"report_to":"cf-nel","max_age":604800}
Server: cloudflare
CF-RAY: 6937b2607a9fe51e-ARI
alt-svc: h3=":443"; ma=86400, h3-29=":443"; ma=86400, h3-28=":443"; ma=86400, h3-27=":443"; ma=86400

{
    "token": "QpwL5tke4Pnpja7X4"
}
HTTP/1.1 200 OK
Date: Thu, 23 Sep 2021 23:54:12 GMT
Content-Type: application/json; charset=utf-8
Content-Length: 29
Connection: keep-alive
x-powered-by: Express
access-control-allow-origin: *
etag: W/"1d-lGCrvD6B7Qzk11+2C98+nGhhuec"
via: 1.1 vegur
CF-Cache-Status: DYNAMIC
Expect-CT: max-age=604800, report-uri="https://report-uri.cloudflare.com/cdn-cgi/beacon/expect-ct"
Report-To: {"endpoints":[{"url":"https:\/\/a.nel.cloudflare.com\/report\/v3?s=%2Feq8UpYJTf0jkocN4wEr9IbNjnmjWzvM%2FmQrmAOl9B06Ztj2Gf%2BWVKkQW1wcrY9FVHCbeXM0DrA7n6Ion6VhP8ypUVjD2HmpVNoQysLEH01ysrsrUN%2BRiJYk1XQ%3D"}],"group":"cf-nel","max_age":604800}
NEL: {"success_fraction":0,"report_to":"cf-nel","max_age":604800}
Server: cloudflare
CF-RAY: 6937b2607a9fe51e-ARI
alt-svc: h3=":443"; ma=86400, h3-29=":443"; ma=86400, h3-28=":443"; ma=86400, h3-27=":443"; ma=86400

{
    "token": "QpwL5tke4Pnpja7X4"
}
]]></system-out>
  <system-err><![CDATA[]]></system-err>
</testsuite>
