<?xml version="1.0" encoding="UTF-8"?>
<testsuite name="PutTest" tests="3" skipped="0" failures="0" errors="0" timestamp="2021-09-23T14:41:31" hostname="macbook-2021" time="8.668">
  <properties/>
  <testcase name="updateNameTest" classname="PutTest" time="6.94"/>
  <testcase name="validUpdateDateTest" classname="PutTest" time="0.869"/>
  <testcase name="updateJobTest" classname="PutTest" time="0.844"/>
  <system-out><![CDATA[Request method:	PUT
Request URI:	https://reqres.in/api/users/2
Proxy:			<none>
Request params:	<none>
Query params:	<none>
Form params:	<none>
Path params:	<none>
Headers:		Accept=*/*
				Content-Type=application/json
Cookies:		<none>
Multiparts:		<none>
Body:
{
    "name": "morpheus",
    "job": "zion resident"
}
HTTP/1.1 200 OK
Date: Thu, 23 Sep 2021 14:41:35 GMT
Content-Type: application/json; charset=utf-8
Transfer-Encoding: chunked
Connection: keep-alive
x-powered-by: Express
access-control-allow-origin: *
etag: W/"50-hplnFSU4mLieJkkVFh/raJCUCMw"
via: 1.1 vegur
CF-Cache-Status: DYNAMIC
Expect-CT: max-age=604800, report-uri="https://report-uri.cloudflare.com/cdn-cgi/beacon/expect-ct"
Report-To: {"endpoints":[{"url":"https:\/\/a.nel.cloudflare.com\/report\/v3?s=RA6RckkIF2c5OL%2FSv55Nn5JloJ1Nmv4mj74cRh4845NEljWJ9C%2Fvc03Fa4JF1%2Bq8W5vMVScFs%2BgK9B9gprzEyFFZoVxAbHZc4ATv%2FHqQwIbLqb5ls5lIsjNoW78%3D"}],"group":"cf-nel","max_age":604800}
NEL: {"success_fraction":0,"report_to":"cf-nel","max_age":604800}
Vary: Accept-Encoding
Server: cloudflare
CF-RAY: 693488e239f5e526-ARI
Content-Encoding: gzip
alt-svc: h3=":443"; ma=86400, h3-29=":443"; ma=86400, h3-28=":443"; ma=86400, h3-27=":443"; ma=86400

{
    "name": "morpheus",
    "job": "zion resident",
    "updatedAt": "2021-09-23T14:41:35.533Z"
}
Request method:	PUT
Request URI:	https://reqres.in/api/users/2
Proxy:			<none>
Request params:	<none>
Query params:	<none>
Form params:	<none>
Path params:	<none>
Headers:		Accept=*/*
				Content-Type=application/json
Cookies:		<none>
Multiparts:		<none>
Body:
{
    "name": "morpheus",
    "job": "zion resident"
}
HTTP/1.1 200 OK
Date: Thu, 23 Sep 2021 14:41:39 GMT
Content-Type: application/json; charset=utf-8
Transfer-Encoding: chunked
Connection: keep-alive
x-powered-by: Express
access-control-allow-origin: *
etag: W/"50-vqb3HpWIjQb0mKV4e7ih7Iv3ITU"
via: 1.1 vegur
CF-Cache-Status: DYNAMIC
Expect-CT: max-age=604800, report-uri="https://report-uri.cloudflare.com/cdn-cgi/beacon/expect-ct"
Report-To: {"endpoints":[{"url":"https:\/\/a.nel.cloudflare.com\/report\/v3?s=ZX2ujLZZtv2ylhzECm1w3hxRf3IuxFEzjwwauSt8u%2BdSV4F80QQxAMob41YNcLvRIrZHNQEgbaxqcKm9LYwKBFgVldSBjd2S0ObavES20jtLMnXut8JCn%2BuwOR0%3D"}],"group":"cf-nel","max_age":604800}
NEL: {"success_fraction":0,"report_to":"cf-nel","max_age":604800}
Vary: Accept-Encoding
Server: cloudflare
CF-RAY: 693488facf54e52a-ARI
Content-Encoding: gzip
alt-svc: h3=":443"; ma=86400, h3-29=":443"; ma=86400, h3-28=":443"; ma=86400, h3-27=":443"; ma=86400

{
    "name": "morpheus",
    "job": "zion resident",
    "updatedAt": "2021-09-23T14:41:39.288Z"
}
Request method:	PUT
Request URI:	https://reqres.in/api/users/2
Proxy:			<none>
Request params:	<none>
Query params:	<none>
Form params:	<none>
Path params:	<none>
Headers:		Accept=*/*
				Content-Type=application/json
Cookies:		<none>
Multiparts:		<none>
Body:
{
    "name": "morpheus",
    "job": "zion resident"
}
HTTP/1.1 200 OK
Date: Thu, 23 Sep 2021 14:41:40 GMT
Content-Type: application/json; charset=utf-8
Transfer-Encoding: chunked
Connection: keep-alive
x-powered-by: Express
access-control-allow-origin: *
etag: W/"50-uEGMq5BZzpZ5h31dSOyRILM2PiM"
via: 1.1 vegur
CF-Cache-Status: DYNAMIC
Expect-CT: max-age=604800, report-uri="https://report-uri.cloudflare.com/cdn-cgi/beacon/expect-ct"
Report-To: {"endpoints":[{"url":"https:\/\/a.nel.cloudflare.com\/report\/v3?s=KeJDWZ8kGmwfAJLpVXjqbVnT8TXAOdZN7TK47FCvCusmy9g2zvwMTE4mkNofy7yI359ySuox1ZgN7mdu4In42cJifnNq2q9u4VmsCFVzyv7dNsGKTp0UpOsweNQ%3D"}],"group":"cf-nel","max_age":604800}
NEL: {"success_fraction":0,"report_to":"cf-nel","max_age":604800}
Vary: Accept-Encoding
Server: cloudflare
CF-RAY: 6934890128d4e51e-ARI
Content-Encoding: gzip
alt-svc: h3=":443"; ma=86400, h3-29=":443"; ma=86400, h3-28=":443"; ma=86400, h3-27=":443"; ma=86400

{
    "name": "morpheus",
    "job": "zion resident",
    "updatedAt": "2021-09-23T14:41:40.315Z"
}
]]></system-out>
  <system-err><![CDATA[SLF4J: Failed to load class "org.slf4j.impl.StaticLoggerBinder".
SLF4J: Defaulting to no-operation (NOP) logger implementation
SLF4J: See http://www.slf4j.org/codes.html#StaticLoggerBinder for further details.
]]></system-err>
</testsuite>
