<?xml version="1.0" encoding="UTF-8"?>
<testsuite name="request.Requests1" tests="6" skipped="0" failures="0" errors="0" timestamp="2021-09-23T14:41:45" hostname="macbook-2021" time="3.556">
  <properties/>
  <testcase name="userLoginTestS" classname="request.Requests1" time="0.581"/>
  <testcase name="updateDataUserTest" classname="request.Requests1" time="0.675"/>
  <testcase name="userLoginTest" classname="request.Requests1" time="0.711"/>
  <testcase name="createUserTest" classname="request.Requests1" time="0.601"/>
  <testcase name="getALlUserTest" classname="request.Requests1" time="0.399"/>
  <testcase name="userUpdateTestS" classname="request.Requests1" time="0.576"/>
  <system-out><![CDATA[Request method:	POST
Request URI:	https://reqres.in/api/login
Proxy:			<none>
Request params:	<none>
Query params:	<none>
Form params:	<none>
Path params:	<none>
Headers:		Accept=*/*
				Content-Type=application/json
Cookies:		<none>
Multiparts:		<none>
Body:
{
    "password": "cityslicka",
    "email": "eve.holt@reqres.in"
}
Request method:	POST
Request URI:	https://reqres.in/api/login
Proxy:			<none>
Request params:	<none>
Query params:	<none>
Form params:	<none>
Path params:	<none>
Headers:		Accept=*/*
				Content-Type=application/json
Cookies:		<none>
Multiparts:		<none>
Body:
{
    "password": "cityslicka",
    "email": "eve.holt@reqres.in"
}
Request method:	POST
Request URI:	https://reqres.in/api/login
Proxy:			<none>
Request params:	<none>
Query params:	<none>
Form params:	<none>
Path params:	<none>
Headers:		Accept=*/*
				Content-Type=application/json
Cookies:		<none>
Multiparts:		<none>
Body:
{
    "password": "cityslicka",
    "email": "eve.holt@reqres.in"
}
HTTP/1.1 200 OK
Date: Thu, 23 Sep 2021 14:41:46 GMT
Content-Type: application/json; charset=utf-8
Content-Length: 29
Connection: keep-alive
x-powered-by: Express
access-control-allow-origin: *
etag: W/"1d-lGCrvD6B7Qzk11+2C98+nGhhuec"
via: 1.1 vegur
CF-Cache-Status: DYNAMIC
Expect-CT: max-age=604800, report-uri="https://report-uri.cloudflare.com/cdn-cgi/beacon/expect-ct"
Report-To: {"endpoints":[{"url":"https:\/\/a.nel.cloudflare.com\/report\/v3?s=MlHgF3NHvSO9Wym4YLUavX4aX0KOKIc%2BIYBWrvOBygEAAwvSjzB%2Be8fstdj1rIPovJRjEppAw5zPipJyDRbjKDVOf%2B1uHwF57bK6GOzevgKnTWLc%2BLR%2FoNjEau0%3D"}],"group":"cf-nel","max_age":604800}
NEL: {"success_fraction":0,"report_to":"cf-nel","max_age":604800}
Server: cloudflare
CF-RAY: 693489247bc7e51e-ARI
alt-svc: h3=":443"; ma=86400, h3-29=":443"; ma=86400, h3-28=":443"; ma=86400, h3-27=":443"; ma=86400

{
    "token": "QpwL5tke4Pnpja7X4"
}
HTTP/1.1 200 OK
Date: Thu, 23 Sep 2021 14:41:46 GMT
Content-Type: application/json; charset=utf-8
Content-Length: 29
Connection: keep-alive
x-powered-by: Express
access-control-allow-origin: *
etag: W/"1d-lGCrvD6B7Qzk11+2C98+nGhhuec"
via: 1.1 vegur
CF-Cache-Status: DYNAMIC
Expect-CT: max-age=604800, report-uri="https://report-uri.cloudflare.com/cdn-cgi/beacon/expect-ct"
Report-To: {"endpoints":[{"url":"https:\/\/a.nel.cloudflare.com\/report\/v3?s=MlHgF3NHvSO9Wym4YLUavX4aX0KOKIc%2BIYBWrvOBygEAAwvSjzB%2Be8fstdj1rIPovJRjEppAw5zPipJyDRbjKDVOf%2B1uHwF57bK6GOzevgKnTWLc%2BLR%2FoNjEau0%3D"}],"group":"cf-nel","max_age":604800}
NEL: {"success_fraction":0,"report_to":"cf-nel","max_age":604800}
Server: cloudflare
CF-RAY: 693489247bc7e51e-ARI
alt-svc: h3=":443"; ma=86400, h3-29=":443"; ma=86400, h3-28=":443"; ma=86400, h3-27=":443"; ma=86400

{
    "token": "QpwL5tke4Pnpja7X4"
}
HTTP/1.1 200 OK
Date: Thu, 23 Sep 2021 14:41:46 GMT
Content-Type: application/json; charset=utf-8
Content-Length: 29
Connection: keep-alive
x-powered-by: Express
access-control-allow-origin: *
etag: W/"1d-lGCrvD6B7Qzk11+2C98+nGhhuec"
via: 1.1 vegur
CF-Cache-Status: DYNAMIC
Expect-CT: max-age=604800, report-uri="https://report-uri.cloudflare.com/cdn-cgi/beacon/expect-ct"
Report-To: {"endpoints":[{"url":"https:\/\/a.nel.cloudflare.com\/report\/v3?s=MlHgF3NHvSO9Wym4YLUavX4aX0KOKIc%2BIYBWrvOBygEAAwvSjzB%2Be8fstdj1rIPovJRjEppAw5zPipJyDRbjKDVOf%2B1uHwF57bK6GOzevgKnTWLc%2BLR%2FoNjEau0%3D"}],"group":"cf-nel","max_age":604800}
NEL: {"success_fraction":0,"report_to":"cf-nel","max_age":604800}
Server: cloudflare
CF-RAY: 693489247bc7e51e-ARI
alt-svc: h3=":443"; ma=86400, h3-29=":443"; ma=86400, h3-28=":443"; ma=86400, h3-27=":443"; ma=86400

{
    "token": "QpwL5tke4Pnpja7X4"
}
Request method:	PUT
Request URI:	https://reqres.in/api/users/2
Proxy:			<none>
Request params:	<none>
Query params:	<none>
Form params:	<none>
Path params:	<none>
Headers:		Accept=*/*
				Content-Type=application/json
Cookies:		<none>
Multiparts:		<none>
Body:
{
    "name": "morpheus",
    "job": "zion resident"
}
Request method:	PUT
Request URI:	https://reqres.in/api/users/2
Proxy:			<none>
Request params:	<none>
Query params:	<none>
Form params:	<none>
Path params:	<none>
Headers:		Accept=*/*
				Content-Type=application/json
Cookies:		<none>
Multiparts:		<none>
Body:
{
    "name": "morpheus",
    "job": "zion resident"
}
Request method:	PUT
Request URI:	https://reqres.in/api/users/2
Proxy:			<none>
Request params:	<none>
Query params:	<none>
Form params:	<none>
Path params:	<none>
Headers:		Accept=*/*
				Content-Type=application/json
Cookies:		<none>
Multiparts:		<none>
Body:
{
    "name": "morpheus",
    "job": "zion resident"
}
Request method:	PUT
Request URI:	https://reqres.in/api/users/2
Proxy:			<none>
Request params:	<none>
Query params:	<none>
Form params:	<none>
Path params:	<none>
Headers:		Accept=*/*
				Content-Type=application/json
Cookies:		<none>
Multiparts:		<none>
Body:
{
    "name": "morpheus",
    "job": "zion resident"
}
HTTP/1.1 200 OK
Date: Thu, 23 Sep 2021 14:41:46 GMT
Content-Type: application/json; charset=utf-8
Transfer-Encoding: chunked
Connection: keep-alive
x-powered-by: Express
access-control-allow-origin: *
etag: W/"50-TxCkbhcAuwcILnq5HcrRdqy87g0"
via: 1.1 vegur
CF-Cache-Status: DYNAMIC
Expect-CT: max-age=604800, report-uri="https://report-uri.cloudflare.com/cdn-cgi/beacon/expect-ct"
Report-To: {"endpoints":[{"url":"https:\/\/a.nel.cloudflare.com\/report\/v3?s=GKz5C7Ud1i%2BV7426RGBTkBDm093BRsyS1tfRofImJrj38CPpmpu9DV%2BIRKP0gI2ep9u6l25%2B0wqMcuvm3xf7tJvNsYEmu43yY4zlwO%2FaKjUI%2FKDSbMeGHpGnAIE%3D"}],"group":"cf-nel","max_age":604800}
NEL: {"success_fraction":0,"report_to":"cf-nel","max_age":604800}
Vary: Accept-Encoding
Server: cloudflare
CF-RAY: 693489284e30e532-ARI
Content-Encoding: gzip
alt-svc: h3=":443"; ma=86400, h3-29=":443"; ma=86400, h3-28=":443"; ma=86400, h3-27=":443"; ma=86400

{
    "name": "morpheus",
    "job": "zion resident",
    "updatedAt": "2021-09-23T14:41:46.606Z"
}
HTTP/1.1 200 OK
Date: Thu, 23 Sep 2021 14:41:46 GMT
Content-Type: application/json; charset=utf-8
Transfer-Encoding: chunked
Connection: keep-alive
x-powered-by: Express
access-control-allow-origin: *
etag: W/"50-TxCkbhcAuwcILnq5HcrRdqy87g0"
via: 1.1 vegur
CF-Cache-Status: DYNAMIC
Expect-CT: max-age=604800, report-uri="https://report-uri.cloudflare.com/cdn-cgi/beacon/expect-ct"
Report-To: {"endpoints":[{"url":"https:\/\/a.nel.cloudflare.com\/report\/v3?s=GKz5C7Ud1i%2BV7426RGBTkBDm093BRsyS1tfRofImJrj38CPpmpu9DV%2BIRKP0gI2ep9u6l25%2B0wqMcuvm3xf7tJvNsYEmu43yY4zlwO%2FaKjUI%2FKDSbMeGHpGnAIE%3D"}],"group":"cf-nel","max_age":604800}
NEL: {"success_fraction":0,"report_to":"cf-nel","max_age":604800}
Vary: Accept-Encoding
Server: cloudflare
CF-RAY: 693489284e30e532-ARI
Content-Encoding: gzip
alt-svc: h3=":443"; ma=86400, h3-29=":443"; ma=86400, h3-28=":443"; ma=86400, h3-27=":443"; ma=86400

{
    "name": "morpheus",
    "job": "zion resident",
    "updatedAt": "2021-09-23T14:41:46.606Z"
}
HTTP/1.1 200 OK
Date: Thu, 23 Sep 2021 14:41:46 GMT
Content-Type: application/json; charset=utf-8
Transfer-Encoding: chunked
Connection: keep-alive
x-powered-by: Express
access-control-allow-origin: *
etag: W/"50-TxCkbhcAuwcILnq5HcrRdqy87g0"
via: 1.1 vegur
CF-Cache-Status: DYNAMIC
Expect-CT: max-age=604800, report-uri="https://report-uri.cloudflare.com/cdn-cgi/beacon/expect-ct"
Report-To: {"endpoints":[{"url":"https:\/\/a.nel.cloudflare.com\/report\/v3?s=GKz5C7Ud1i%2BV7426RGBTkBDm093BRsyS1tfRofImJrj38CPpmpu9DV%2BIRKP0gI2ep9u6l25%2B0wqMcuvm3xf7tJvNsYEmu43yY4zlwO%2FaKjUI%2FKDSbMeGHpGnAIE%3D"}],"group":"cf-nel","max_age":604800}
NEL: {"success_fraction":0,"report_to":"cf-nel","max_age":604800}
Vary: Accept-Encoding
Server: cloudflare
CF-RAY: 693489284e30e532-ARI
Content-Encoding: gzip
alt-svc: h3=":443"; ma=86400, h3-29=":443"; ma=86400, h3-28=":443"; ma=86400, h3-27=":443"; ma=86400

{
    "name": "morpheus",
    "job": "zion resident",
    "updatedAt": "2021-09-23T14:41:46.606Z"
}
HTTP/1.1 200 OK
Date: Thu, 23 Sep 2021 14:41:46 GMT
Content-Type: application/json; charset=utf-8
Transfer-Encoding: chunked
Connection: keep-alive
x-powered-by: Express
access-control-allow-origin: *
etag: W/"50-TxCkbhcAuwcILnq5HcrRdqy87g0"
via: 1.1 vegur
CF-Cache-Status: DYNAMIC
Expect-CT: max-age=604800, report-uri="https://report-uri.cloudflare.com/cdn-cgi/beacon/expect-ct"
Report-To: {"endpoints":[{"url":"https:\/\/a.nel.cloudflare.com\/report\/v3?s=GKz5C7Ud1i%2BV7426RGBTkBDm093BRsyS1tfRofImJrj38CPpmpu9DV%2BIRKP0gI2ep9u6l25%2B0wqMcuvm3xf7tJvNsYEmu43yY4zlwO%2FaKjUI%2FKDSbMeGHpGnAIE%3D"}],"group":"cf-nel","max_age":604800}
NEL: {"success_fraction":0,"report_to":"cf-nel","max_age":604800}
Vary: Accept-Encoding
Server: cloudflare
CF-RAY: 693489284e30e532-ARI
Content-Encoding: gzip
alt-svc: h3=":443"; ma=86400, h3-29=":443"; ma=86400, h3-28=":443"; ma=86400, h3-27=":443"; ma=86400

{
    "name": "morpheus",
    "job": "zion resident",
    "updatedAt": "2021-09-23T14:41:46.606Z"
}
------------------------------------
Name: morpheus
Job: zion resident
UpdateDate: 2021-09-23T14:41:46.606Z
Request method:	POST
Request URI:	https://reqres.in/api/login
Proxy:			<none>
Request params:	<none>
Query params:	<none>
Form params:	<none>
Path params:	<none>
Headers:		Accept=*/*
				Content-Type=application/json
Cookies:		<none>
Multiparts:		<none>
Body:
{
    "email": "eve.holt@reqres.in",
    "password": "cityslicka"
}
Request method:	POST
Request URI:	https://reqres.in/api/login
Proxy:			<none>
Request params:	<none>
Query params:	<none>
Form params:	<none>
Path params:	<none>
Headers:		Accept=*/*
				Content-Type=application/json
Cookies:		<none>
Multiparts:		<none>
Body:
{
    "email": "eve.holt@reqres.in",
    "password": "cityslicka"
}
Request method:	POST
Request URI:	https://reqres.in/api/login
Proxy:			<none>
Request params:	<none>
Query params:	<none>
Form params:	<none>
Path params:	<none>
Headers:		Accept=*/*
				Content-Type=application/json
Cookies:		<none>
Multiparts:		<none>
Body:
{
    "email": "eve.holt@reqres.in",
    "password": "cityslicka"
}
Request method:	POST
Request URI:	https://reqres.in/api/login
Proxy:			<none>
Request params:	<none>
Query params:	<none>
Form params:	<none>
Path params:	<none>
Headers:		Accept=*/*
				Content-Type=application/json
Cookies:		<none>
Multiparts:		<none>
Body:
{
    "email": "eve.holt@reqres.in",
    "password": "cityslicka"
}
Request method:	POST
Request URI:	https://reqres.in/api/login
Proxy:			<none>
Request params:	<none>
Query params:	<none>
Form params:	<none>
Path params:	<none>
Headers:		Accept=*/*
				Content-Type=application/json
Cookies:		<none>
Multiparts:		<none>
Body:
{
    "email": "eve.holt@reqres.in",
    "password": "cityslicka"
}
HTTP/1.1 200 OK
Date: Thu, 23 Sep 2021 14:41:47 GMT
Content-Type: application/json; charset=utf-8
Content-Length: 29
Connection: keep-alive
x-powered-by: Express
access-control-allow-origin: *
etag: W/"1d-lGCrvD6B7Qzk11+2C98+nGhhuec"
via: 1.1 vegur
CF-Cache-Status: DYNAMIC
Expect-CT: max-age=604800, report-uri="https://report-uri.cloudflare.com/cdn-cgi/beacon/expect-ct"
Report-To: {"endpoints":[{"url":"https:\/\/a.nel.cloudflare.com\/report\/v3?s=YHX1aohSs%2Fe8bdWoFtyLHoOOGTCoWDdfHAd6h%2FeQW9jCUmQnAbuKcl5rskVTTJehVQHBUZ0PCFnCfAE2zsOx2IXm29ghwUJY8gKA%2FqWue%2BIJsn9UtxEJD4S3LA8%3D"}],"group":"cf-nel","max_age":604800}
NEL: {"success_fraction":0,"report_to":"cf-nel","max_age":604800}
Server: cloudflare
CF-RAY: 6934892d0ecce52e-ARI
alt-svc: h3=":443"; ma=86400, h3-29=":443"; ma=86400, h3-28=":443"; ma=86400, h3-27=":443"; ma=86400

{
    "token": "QpwL5tke4Pnpja7X4"
}
HTTP/1.1 200 OK
Date: Thu, 23 Sep 2021 14:41:47 GMT
Content-Type: application/json; charset=utf-8
Content-Length: 29
Connection: keep-alive
x-powered-by: Express
access-control-allow-origin: *
etag: W/"1d-lGCrvD6B7Qzk11+2C98+nGhhuec"
via: 1.1 vegur
CF-Cache-Status: DYNAMIC
Expect-CT: max-age=604800, report-uri="https://report-uri.cloudflare.com/cdn-cgi/beacon/expect-ct"
Report-To: {"endpoints":[{"url":"https:\/\/a.nel.cloudflare.com\/report\/v3?s=YHX1aohSs%2Fe8bdWoFtyLHoOOGTCoWDdfHAd6h%2FeQW9jCUmQnAbuKcl5rskVTTJehVQHBUZ0PCFnCfAE2zsOx2IXm29ghwUJY8gKA%2FqWue%2BIJsn9UtxEJD4S3LA8%3D"}],"group":"cf-nel","max_age":604800}
NEL: {"success_fraction":0,"report_to":"cf-nel","max_age":604800}
Server: cloudflare
CF-RAY: 6934892d0ecce52e-ARI
alt-svc: h3=":443"; ma=86400, h3-29=":443"; ma=86400, h3-28=":443"; ma=86400, h3-27=":443"; ma=86400

{
    "token": "QpwL5tke4Pnpja7X4"
}
HTTP/1.1 200 OK
Date: Thu, 23 Sep 2021 14:41:47 GMT
Content-Type: application/json; charset=utf-8
Content-Length: 29
Connection: keep-alive
x-powered-by: Express
access-control-allow-origin: *
etag: W/"1d-lGCrvD6B7Qzk11+2C98+nGhhuec"
via: 1.1 vegur
CF-Cache-Status: DYNAMIC
Expect-CT: max-age=604800, report-uri="https://report-uri.cloudflare.com/cdn-cgi/beacon/expect-ct"
Report-To: {"endpoints":[{"url":"https:\/\/a.nel.cloudflare.com\/report\/v3?s=YHX1aohSs%2Fe8bdWoFtyLHoOOGTCoWDdfHAd6h%2FeQW9jCUmQnAbuKcl5rskVTTJehVQHBUZ0PCFnCfAE2zsOx2IXm29ghwUJY8gKA%2FqWue%2BIJsn9UtxEJD4S3LA8%3D"}],"group":"cf-nel","max_age":604800}
NEL: {"success_fraction":0,"report_to":"cf-nel","max_age":604800}
Server: cloudflare
CF-RAY: 6934892d0ecce52e-ARI
alt-svc: h3=":443"; ma=86400, h3-29=":443"; ma=86400, h3-28=":443"; ma=86400, h3-27=":443"; ma=86400

{
    "token": "QpwL5tke4Pnpja7X4"
}
HTTP/1.1 200 OK
Date: Thu, 23 Sep 2021 14:41:47 GMT
Content-Type: application/json; charset=utf-8
Content-Length: 29
Connection: keep-alive
x-powered-by: Express
access-control-allow-origin: *
etag: W/"1d-lGCrvD6B7Qzk11+2C98+nGhhuec"
via: 1.1 vegur
CF-Cache-Status: DYNAMIC
Expect-CT: max-age=604800, report-uri="https://report-uri.cloudflare.com/cdn-cgi/beacon/expect-ct"
Report-To: {"endpoints":[{"url":"https:\/\/a.nel.cloudflare.com\/report\/v3?s=YHX1aohSs%2Fe8bdWoFtyLHoOOGTCoWDdfHAd6h%2FeQW9jCUmQnAbuKcl5rskVTTJehVQHBUZ0PCFnCfAE2zsOx2IXm29ghwUJY8gKA%2FqWue%2BIJsn9UtxEJD4S3LA8%3D"}],"group":"cf-nel","max_age":604800}
NEL: {"success_fraction":0,"report_to":"cf-nel","max_age":604800}
Server: cloudflare
CF-RAY: 6934892d0ecce52e-ARI
alt-svc: h3=":443"; ma=86400, h3-29=":443"; ma=86400, h3-28=":443"; ma=86400, h3-27=":443"; ma=86400

{
    "token": "QpwL5tke4Pnpja7X4"
}
HTTP/1.1 200 OK
Date: Thu, 23 Sep 2021 14:41:47 GMT
Content-Type: application/json; charset=utf-8
Content-Length: 29
Connection: keep-alive
x-powered-by: Express
access-control-allow-origin: *
etag: W/"1d-lGCrvD6B7Qzk11+2C98+nGhhuec"
via: 1.1 vegur
CF-Cache-Status: DYNAMIC
Expect-CT: max-age=604800, report-uri="https://report-uri.cloudflare.com/cdn-cgi/beacon/expect-ct"
Report-To: {"endpoints":[{"url":"https:\/\/a.nel.cloudflare.com\/report\/v3?s=YHX1aohSs%2Fe8bdWoFtyLHoOOGTCoWDdfHAd6h%2FeQW9jCUmQnAbuKcl5rskVTTJehVQHBUZ0PCFnCfAE2zsOx2IXm29ghwUJY8gKA%2FqWue%2BIJsn9UtxEJD4S3LA8%3D"}],"group":"cf-nel","max_age":604800}
NEL: {"success_fraction":0,"report_to":"cf-nel","max_age":604800}
Server: cloudflare
CF-RAY: 6934892d0ecce52e-ARI
alt-svc: h3=":443"; ma=86400, h3-29=":443"; ma=86400, h3-28=":443"; ma=86400, h3-27=":443"; ma=86400

{
    "token": "QpwL5tke4Pnpja7X4"
}
------------------------------------
Token: QpwL5tke4Pnpja7X4
Request method:	POST
Request URI:	https://reqres.in/api/users
Proxy:			<none>
Request params:	<none>
Query params:	<none>
Form params:	<none>
Path params:	<none>
Headers:		Accept=*/*
				Content-Type=application/json
Cookies:		<none>
Multiparts:		<none>
Body:
{
    "name": "morpheus",
    "job": "leader"
}
Request method:	POST
Request URI:	https://reqres.in/api/users
Proxy:			<none>
Request params:	<none>
Query params:	<none>
Form params:	<none>
Path params:	<none>
Headers:		Accept=*/*
				Content-Type=application/json
Cookies:		<none>
Multiparts:		<none>
Body:
{
    "name": "morpheus",
    "job": "leader"
}
Request method:	POST
Request URI:	https://reqres.in/api/users
Proxy:			<none>
Request params:	<none>
Query params:	<none>
Form params:	<none>
Path params:	<none>
Headers:		Accept=*/*
				Content-Type=application/json
Cookies:		<none>
Multiparts:		<none>
Body:
{
    "name": "morpheus",
    "job": "leader"
}
Request method:	POST
Request URI:	https://reqres.in/api/users
Proxy:			<none>
Request params:	<none>
Query params:	<none>
Form params:	<none>
Path params:	<none>
Headers:		Accept=*/*
				Content-Type=application/json
Cookies:		<none>
Multiparts:		<none>
Body:
{
    "name": "morpheus",
    "job": "leader"
}
Request method:	POST
Request URI:	https://reqres.in/api/users
Proxy:			<none>
Request params:	<none>
Query params:	<none>
Form params:	<none>
Path params:	<none>
Headers:		Accept=*/*
				Content-Type=application/json
Cookies:		<none>
Multiparts:		<none>
Body:
{
    "name": "morpheus",
    "job": "leader"
}
Request method:	POST
Request URI:	https://reqres.in/api/users
Proxy:			<none>
Request params:	<none>
Query params:	<none>
Form params:	<none>
Path params:	<none>
Headers:		Accept=*/*
				Content-Type=application/json
Cookies:		<none>
Multiparts:		<none>
Body:
{
    "name": "morpheus",
    "job": "leader"
}
HTTP/1.1 201 Created
Date: Thu, 23 Sep 2021 14:41:48 GMT
Content-Type: application/json; charset=utf-8
Content-Length: 84
Connection: keep-alive
x-powered-by: Express
access-control-allow-origin: *
etag: W/"54-k+STAD6lZeHVlnhAbWnyF90MjK8"
via: 1.1 vegur
CF-Cache-Status: DYNAMIC
Expect-CT: max-age=604800, report-uri="https://report-uri.cloudflare.com/cdn-cgi/beacon/expect-ct"
Report-To: {"endpoints":[{"url":"https:\/\/a.nel.cloudflare.com\/report\/v3?s=%2B3UZ4%2FuyUz7Iyr61pA8VtRExWQcEs27cwuRfwKgYKskE11ZJz81jTtGyZN5LSV414vlnJiB3BSXE%2FRtwCnsILed3QgT%2FnlGTXucbaGxR16Y3938fZputQ1qViNA%3D"}],"group":"cf-nel","max_age":604800}
NEL: {"success_fraction":0,"report_to":"cf-nel","max_age":604800}
Server: cloudflare
CF-RAY: 69348930a959e526-ARI
alt-svc: h3=":443"; ma=86400, h3-29=":443"; ma=86400, h3-28=":443"; ma=86400, h3-27=":443"; ma=86400

{
    "name": "morpheus",
    "job": "leader",
    "id": "410",
    "createdAt": "2021-09-23T14:41:47.952Z"
}
HTTP/1.1 201 Created
Date: Thu, 23 Sep 2021 14:41:48 GMT
Content-Type: application/json; charset=utf-8
Content-Length: 84
Connection: keep-alive
x-powered-by: Express
access-control-allow-origin: *
etag: W/"54-k+STAD6lZeHVlnhAbWnyF90MjK8"
via: 1.1 vegur
CF-Cache-Status: DYNAMIC
Expect-CT: max-age=604800, report-uri="https://report-uri.cloudflare.com/cdn-cgi/beacon/expect-ct"
Report-To: {"endpoints":[{"url":"https:\/\/a.nel.cloudflare.com\/report\/v3?s=%2B3UZ4%2FuyUz7Iyr61pA8VtRExWQcEs27cwuRfwKgYKskE11ZJz81jTtGyZN5LSV414vlnJiB3BSXE%2FRtwCnsILed3QgT%2FnlGTXucbaGxR16Y3938fZputQ1qViNA%3D"}],"group":"cf-nel","max_age":604800}
NEL: {"success_fraction":0,"report_to":"cf-nel","max_age":604800}
Server: cloudflare
CF-RAY: 69348930a959e526-ARI
alt-svc: h3=":443"; ma=86400, h3-29=":443"; ma=86400, h3-28=":443"; ma=86400, h3-27=":443"; ma=86400

{
    "name": "morpheus",
    "job": "leader",
    "id": "410",
    "createdAt": "2021-09-23T14:41:47.952Z"
}
HTTP/1.1 201 Created
Date: Thu, 23 Sep 2021 14:41:48 GMT
Content-Type: application/json; charset=utf-8
Content-Length: 84
Connection: keep-alive
x-powered-by: Express
access-control-allow-origin: *
etag: W/"54-k+STAD6lZeHVlnhAbWnyF90MjK8"
via: 1.1 vegur
CF-Cache-Status: DYNAMIC
Expect-CT: max-age=604800, report-uri="https://report-uri.cloudflare.com/cdn-cgi/beacon/expect-ct"
Report-To: {"endpoints":[{"url":"https:\/\/a.nel.cloudflare.com\/report\/v3?s=%2B3UZ4%2FuyUz7Iyr61pA8VtRExWQcEs27cwuRfwKgYKskE11ZJz81jTtGyZN5LSV414vlnJiB3BSXE%2FRtwCnsILed3QgT%2FnlGTXucbaGxR16Y3938fZputQ1qViNA%3D"}],"group":"cf-nel","max_age":604800}
NEL: {"success_fraction":0,"report_to":"cf-nel","max_age":604800}
Server: cloudflare
CF-RAY: 69348930a959e526-ARI
alt-svc: h3=":443"; ma=86400, h3-29=":443"; ma=86400, h3-28=":443"; ma=86400, h3-27=":443"; ma=86400

{
    "name": "morpheus",
    "job": "leader",
    "id": "410",
    "createdAt": "2021-09-23T14:41:47.952Z"
}
HTTP/1.1 201 Created
Date: Thu, 23 Sep 2021 14:41:48 GMT
Content-Type: application/json; charset=utf-8
Content-Length: 84
Connection: keep-alive
x-powered-by: Express
access-control-allow-origin: *
etag: W/"54-k+STAD6lZeHVlnhAbWnyF90MjK8"
via: 1.1 vegur
CF-Cache-Status: DYNAMIC
Expect-CT: max-age=604800, report-uri="https://report-uri.cloudflare.com/cdn-cgi/beacon/expect-ct"
Report-To: {"endpoints":[{"url":"https:\/\/a.nel.cloudflare.com\/report\/v3?s=%2B3UZ4%2FuyUz7Iyr61pA8VtRExWQcEs27cwuRfwKgYKskE11ZJz81jTtGyZN5LSV414vlnJiB3BSXE%2FRtwCnsILed3QgT%2FnlGTXucbaGxR16Y3938fZputQ1qViNA%3D"}],"group":"cf-nel","max_age":604800}
NEL: {"success_fraction":0,"report_to":"cf-nel","max_age":604800}
Server: cloudflare
CF-RAY: 69348930a959e526-ARI
alt-svc: h3=":443"; ma=86400, h3-29=":443"; ma=86400, h3-28=":443"; ma=86400, h3-27=":443"; ma=86400

{
    "name": "morpheus",
    "job": "leader",
    "id": "410",
    "createdAt": "2021-09-23T14:41:47.952Z"
}
HTTP/1.1 201 Created
Date: Thu, 23 Sep 2021 14:41:48 GMT
Content-Type: application/json; charset=utf-8
Content-Length: 84
Connection: keep-alive
x-powered-by: Express
access-control-allow-origin: *
etag: W/"54-k+STAD6lZeHVlnhAbWnyF90MjK8"
via: 1.1 vegur
CF-Cache-Status: DYNAMIC
Expect-CT: max-age=604800, report-uri="https://report-uri.cloudflare.com/cdn-cgi/beacon/expect-ct"
Report-To: {"endpoints":[{"url":"https:\/\/a.nel.cloudflare.com\/report\/v3?s=%2B3UZ4%2FuyUz7Iyr61pA8VtRExWQcEs27cwuRfwKgYKskE11ZJz81jTtGyZN5LSV414vlnJiB3BSXE%2FRtwCnsILed3QgT%2FnlGTXucbaGxR16Y3938fZputQ1qViNA%3D"}],"group":"cf-nel","max_age":604800}
NEL: {"success_fraction":0,"report_to":"cf-nel","max_age":604800}
Server: cloudflare
CF-RAY: 69348930a959e526-ARI
alt-svc: h3=":443"; ma=86400, h3-29=":443"; ma=86400, h3-28=":443"; ma=86400, h3-27=":443"; ma=86400

{
    "name": "morpheus",
    "job": "leader",
    "id": "410",
    "createdAt": "2021-09-23T14:41:47.952Z"
}
HTTP/1.1 201 Created
Date: Thu, 23 Sep 2021 14:41:48 GMT
Content-Type: application/json; charset=utf-8
Content-Length: 84
Connection: keep-alive
x-powered-by: Express
access-control-allow-origin: *
etag: W/"54-k+STAD6lZeHVlnhAbWnyF90MjK8"
via: 1.1 vegur
CF-Cache-Status: DYNAMIC
Expect-CT: max-age=604800, report-uri="https://report-uri.cloudflare.com/cdn-cgi/beacon/expect-ct"
Report-To: {"endpoints":[{"url":"https:\/\/a.nel.cloudflare.com\/report\/v3?s=%2B3UZ4%2FuyUz7Iyr61pA8VtRExWQcEs27cwuRfwKgYKskE11ZJz81jTtGyZN5LSV414vlnJiB3BSXE%2FRtwCnsILed3QgT%2FnlGTXucbaGxR16Y3938fZputQ1qViNA%3D"}],"group":"cf-nel","max_age":604800}
NEL: {"success_fraction":0,"report_to":"cf-nel","max_age":604800}
Server: cloudflare
CF-RAY: 69348930a959e526-ARI
alt-svc: h3=":443"; ma=86400, h3-29=":443"; ma=86400, h3-28=":443"; ma=86400, h3-27=":443"; ma=86400

{
    "name": "morpheus",
    "job": "leader",
    "id": "410",
    "createdAt": "2021-09-23T14:41:47.952Z"
}
AQUI---->morpheus
AQUI---->410
AQUI---->leader
AQUI---->2021-09-23T14:41:47.952Z
Request method:	GET
Request URI:	https://reqres.in/api/users?page=2
Proxy:			<none>
Request params:	<none>
Query params:	<none>
Form params:	<none>
Path params:	<none>
Headers:		Accept=*/*
				Content-Type=application/json
Cookies:		<none>
Multiparts:		<none>
Body:			<none>
Request method:	GET
Request URI:	https://reqres.in/api/users?page=2
Proxy:			<none>
Request params:	<none>
Query params:	<none>
Form params:	<none>
Path params:	<none>
Headers:		Accept=*/*
				Content-Type=application/json
Cookies:		<none>
Multiparts:		<none>
Body:			<none>
Request method:	GET
Request URI:	https://reqres.in/api/users?page=2
Proxy:			<none>
Request params:	<none>
Query params:	<none>
Form params:	<none>
Path params:	<none>
Headers:		Accept=*/*
				Content-Type=application/json
Cookies:		<none>
Multiparts:		<none>
Body:			<none>
Request method:	GET
Request URI:	https://reqres.in/api/users?page=2
Proxy:			<none>
Request params:	<none>
Query params:	<none>
Form params:	<none>
Path params:	<none>
Headers:		Accept=*/*
				Content-Type=application/json
Cookies:		<none>
Multiparts:		<none>
Body:			<none>
Request method:	GET
Request URI:	https://reqres.in/api/users?page=2
Proxy:			<none>
Request params:	<none>
Query params:	<none>
Form params:	<none>
Path params:	<none>
Headers:		Accept=*/*
				Content-Type=application/json
Cookies:		<none>
Multiparts:		<none>
Body:			<none>
Request method:	GET
Request URI:	https://reqres.in/api/users?page=2
Proxy:			<none>
Request params:	<none>
Query params:	<none>
Form params:	<none>
Path params:	<none>
Headers:		Accept=*/*
				Content-Type=application/json
Cookies:		<none>
Multiparts:		<none>
Body:			<none>
Request method:	GET
Request URI:	https://reqres.in/api/users?page=2
Proxy:			<none>
Request params:	<none>
Query params:	<none>
Form params:	<none>
Path params:	<none>
Headers:		Accept=*/*
				Content-Type=application/json
Cookies:		<none>
Multiparts:		<none>
Body:			<none>
HTTP/1.1 200 OK
Date: Thu, 23 Sep 2021 14:41:48 GMT
Content-Type: application/json; charset=utf-8
Transfer-Encoding: chunked
Connection: keep-alive
x-powered-by: Express
access-control-allow-origin: *
etag: W/"406-ut0vzoCuidvyMf8arZpMpJ6ZRDw"
via: 1.1 vegur
Cache-Control: max-age=14400
CF-Cache-Status: HIT
Age: 2226
Expect-CT: max-age=604800, report-uri="https://report-uri.cloudflare.com/cdn-cgi/beacon/expect-ct"
Report-To: {"endpoints":[{"url":"https:\/\/a.nel.cloudflare.com\/report\/v3?s=fLXk5K3Pcbi%2Fto3USSzdAgQm4aDYpAWsaDeO7Yd4%2Fo%2BHAR0R3nANSwfZ%2BqrwOgzHWFqkh3iKXvv0Lb9mW561%2FUOTfhts%2B7f5CrqC7ZhWky6xCzrUzcwOHf2aKIY%3D"}],"group":"cf-nel","max_age":604800}
NEL: {"success_fraction":0,"report_to":"cf-nel","max_age":604800}
Vary: Accept-Encoding
Server: cloudflare
CF-RAY: 69348934a827e526-ARI
Content-Encoding: gzip
alt-svc: h3=":443"; ma=86400, h3-29=":443"; ma=86400, h3-28=":443"; ma=86400, h3-27=":443"; ma=86400

{
    "page": 2,
    "per_page": 6,
    "total": 12,
    "total_pages": 2,
    "data": [
        {
            "id": 7,
            "email": "michael.lawson@reqres.in",
            "first_name": "Michael",
            "last_name": "Lawson",
            "avatar": "https://reqres.in/img/faces/7-image.jpg"
        },
        {
            "id": 8,
            "email": "lindsay.ferguson@reqres.in",
            "first_name": "Lindsay",
            "last_name": "Ferguson",
            "avatar": "https://reqres.in/img/faces/8-image.jpg"
        },
        {
            "id": 9,
            "email": "tobias.funke@reqres.in",
            "first_name": "Tobias",
            "last_name": "Funke",
            "avatar": "https://reqres.in/img/faces/9-image.jpg"
        },
        {
            "id": 10,
            "email": "byron.fields@reqres.in",
            "first_name": "Byron",
            "last_name": "Fields",
            "avatar": "https://reqres.in/img/faces/10-image.jpg"
        },
        {
            "id": 11,
            "email": "george.edwards@reqres.in",
            "first_name": "George",
            "last_name": "Edwards",
            "avatar": "https://reqres.in/img/faces/11-image.jpg"
        },
        {
            "id": 12,
            "email": "rachel.howell@reqres.in",
            "first_name": "Rachel",
            "last_name": "Howell",
            "avatar": "https://reqres.in/img/faces/12-image.jpg"
        }
    ],
    "support": {
        "url": "https://reqres.in/#support-heading",
        "text": "To keep ReqRes free, contributions towards server costs are appreciated!"
    }
}
HTTP/1.1 200 OK
Date: Thu, 23 Sep 2021 14:41:48 GMT
Content-Type: application/json; charset=utf-8
Transfer-Encoding: chunked
Connection: keep-alive
x-powered-by: Express
access-control-allow-origin: *
etag: W/"406-ut0vzoCuidvyMf8arZpMpJ6ZRDw"
via: 1.1 vegur
Cache-Control: max-age=14400
CF-Cache-Status: HIT
Age: 2226
Expect-CT: max-age=604800, report-uri="https://report-uri.cloudflare.com/cdn-cgi/beacon/expect-ct"
Report-To: {"endpoints":[{"url":"https:\/\/a.nel.cloudflare.com\/report\/v3?s=fLXk5K3Pcbi%2Fto3USSzdAgQm4aDYpAWsaDeO7Yd4%2Fo%2BHAR0R3nANSwfZ%2BqrwOgzHWFqkh3iKXvv0Lb9mW561%2FUOTfhts%2B7f5CrqC7ZhWky6xCzrUzcwOHf2aKIY%3D"}],"group":"cf-nel","max_age":604800}
NEL: {"success_fraction":0,"report_to":"cf-nel","max_age":604800}
Vary: Accept-Encoding
Server: cloudflare
CF-RAY: 69348934a827e526-ARI
Content-Encoding: gzip
alt-svc: h3=":443"; ma=86400, h3-29=":443"; ma=86400, h3-28=":443"; ma=86400, h3-27=":443"; ma=86400

{
    "page": 2,
    "per_page": 6,
    "total": 12,
    "total_pages": 2,
    "data": [
        {
            "id": 7,
            "email": "michael.lawson@reqres.in",
            "first_name": "Michael",
            "last_name": "Lawson",
            "avatar": "https://reqres.in/img/faces/7-image.jpg"
        },
        {
            "id": 8,
            "email": "lindsay.ferguson@reqres.in",
            "first_name": "Lindsay",
            "last_name": "Ferguson",
            "avatar": "https://reqres.in/img/faces/8-image.jpg"
        },
        {
            "id": 9,
            "email": "tobias.funke@reqres.in",
            "first_name": "Tobias",
            "last_name": "Funke",
            "avatar": "https://reqres.in/img/faces/9-image.jpg"
        },
        {
            "id": 10,
            "email": "byron.fields@reqres.in",
            "first_name": "Byron",
            "last_name": "Fields",
            "avatar": "https://reqres.in/img/faces/10-image.jpg"
        },
        {
            "id": 11,
            "email": "george.edwards@reqres.in",
            "first_name": "George",
            "last_name": "Edwards",
            "avatar": "https://reqres.in/img/faces/11-image.jpg"
        },
        {
            "id": 12,
            "email": "rachel.howell@reqres.in",
            "first_name": "Rachel",
            "last_name": "Howell",
            "avatar": "https://reqres.in/img/faces/12-image.jpg"
        }
    ],
    "support": {
        "url": "https://reqres.in/#support-heading",
        "text": "To keep ReqRes free, contributions towards server costs are appreciated!"
    }
}
HTTP/1.1 200 OK
Date: Thu, 23 Sep 2021 14:41:48 GMT
Content-Type: application/json; charset=utf-8
Transfer-Encoding: chunked
Connection: keep-alive
x-powered-by: Express
access-control-allow-origin: *
etag: W/"406-ut0vzoCuidvyMf8arZpMpJ6ZRDw"
via: 1.1 vegur
Cache-Control: max-age=14400
CF-Cache-Status: HIT
Age: 2226
Expect-CT: max-age=604800, report-uri="https://report-uri.cloudflare.com/cdn-cgi/beacon/expect-ct"
Report-To: {"endpoints":[{"url":"https:\/\/a.nel.cloudflare.com\/report\/v3?s=fLXk5K3Pcbi%2Fto3USSzdAgQm4aDYpAWsaDeO7Yd4%2Fo%2BHAR0R3nANSwfZ%2BqrwOgzHWFqkh3iKXvv0Lb9mW561%2FUOTfhts%2B7f5CrqC7ZhWky6xCzrUzcwOHf2aKIY%3D"}],"group":"cf-nel","max_age":604800}
NEL: {"success_fraction":0,"report_to":"cf-nel","max_age":604800}
Vary: Accept-Encoding
Server: cloudflare
CF-RAY: 69348934a827e526-ARI
Content-Encoding: gzip
alt-svc: h3=":443"; ma=86400, h3-29=":443"; ma=86400, h3-28=":443"; ma=86400, h3-27=":443"; ma=86400

{
    "page": 2,
    "per_page": 6,
    "total": 12,
    "total_pages": 2,
    "data": [
        {
            "id": 7,
            "email": "michael.lawson@reqres.in",
            "first_name": "Michael",
            "last_name": "Lawson",
            "avatar": "https://reqres.in/img/faces/7-image.jpg"
        },
        {
            "id": 8,
            "email": "lindsay.ferguson@reqres.in",
            "first_name": "Lindsay",
            "last_name": "Ferguson",
            "avatar": "https://reqres.in/img/faces/8-image.jpg"
        },
        {
            "id": 9,
            "email": "tobias.funke@reqres.in",
            "first_name": "Tobias",
            "last_name": "Funke",
            "avatar": "https://reqres.in/img/faces/9-image.jpg"
        },
        {
            "id": 10,
            "email": "byron.fields@reqres.in",
            "first_name": "Byron",
            "last_name": "Fields",
            "avatar": "https://reqres.in/img/faces/10-image.jpg"
        },
        {
            "id": 11,
            "email": "george.edwards@reqres.in",
            "first_name": "George",
            "last_name": "Edwards",
            "avatar": "https://reqres.in/img/faces/11-image.jpg"
        },
        {
            "id": 12,
            "email": "rachel.howell@reqres.in",
            "first_name": "Rachel",
            "last_name": "Howell",
            "avatar": "https://reqres.in/img/faces/12-image.jpg"
        }
    ],
    "support": {
        "url": "https://reqres.in/#support-heading",
        "text": "To keep ReqRes free, contributions towards server costs are appreciated!"
    }
}
HTTP/1.1 200 OK
Date: Thu, 23 Sep 2021 14:41:48 GMT
Content-Type: application/json; charset=utf-8
Transfer-Encoding: chunked
Connection: keep-alive
x-powered-by: Express
access-control-allow-origin: *
etag: W/"406-ut0vzoCuidvyMf8arZpMpJ6ZRDw"
via: 1.1 vegur
Cache-Control: max-age=14400
CF-Cache-Status: HIT
Age: 2226
Expect-CT: max-age=604800, report-uri="https://report-uri.cloudflare.com/cdn-cgi/beacon/expect-ct"
Report-To: {"endpoints":[{"url":"https:\/\/a.nel.cloudflare.com\/report\/v3?s=fLXk5K3Pcbi%2Fto3USSzdAgQm4aDYpAWsaDeO7Yd4%2Fo%2BHAR0R3nANSwfZ%2BqrwOgzHWFqkh3iKXvv0Lb9mW561%2FUOTfhts%2B7f5CrqC7ZhWky6xCzrUzcwOHf2aKIY%3D"}],"group":"cf-nel","max_age":604800}
NEL: {"success_fraction":0,"report_to":"cf-nel","max_age":604800}
Vary: Accept-Encoding
Server: cloudflare
CF-RAY: 69348934a827e526-ARI
Content-Encoding: gzip
alt-svc: h3=":443"; ma=86400, h3-29=":443"; ma=86400, h3-28=":443"; ma=86400, h3-27=":443"; ma=86400

{
    "page": 2,
    "per_page": 6,
    "total": 12,
    "total_pages": 2,
    "data": [
        {
            "id": 7,
            "email": "michael.lawson@reqres.in",
            "first_name": "Michael",
            "last_name": "Lawson",
            "avatar": "https://reqres.in/img/faces/7-image.jpg"
        },
        {
            "id": 8,
            "email": "lindsay.ferguson@reqres.in",
            "first_name": "Lindsay",
            "last_name": "Ferguson",
            "avatar": "https://reqres.in/img/faces/8-image.jpg"
        },
        {
            "id": 9,
            "email": "tobias.funke@reqres.in",
            "first_name": "Tobias",
            "last_name": "Funke",
            "avatar": "https://reqres.in/img/faces/9-image.jpg"
        },
        {
            "id": 10,
            "email": "byron.fields@reqres.in",
            "first_name": "Byron",
            "last_name": "Fields",
            "avatar": "https://reqres.in/img/faces/10-image.jpg"
        },
        {
            "id": 11,
            "email": "george.edwards@reqres.in",
            "first_name": "George",
            "last_name": "Edwards",
            "avatar": "https://reqres.in/img/faces/11-image.jpg"
        },
        {
            "id": 12,
            "email": "rachel.howell@reqres.in",
            "first_name": "Rachel",
            "last_name": "Howell",
            "avatar": "https://reqres.in/img/faces/12-image.jpg"
        }
    ],
    "support": {
        "url": "https://reqres.in/#support-heading",
        "text": "To keep ReqRes free, contributions towards server costs are appreciated!"
    }
}
HTTP/1.1 200 OK
Date: Thu, 23 Sep 2021 14:41:48 GMT
Content-Type: application/json; charset=utf-8
Transfer-Encoding: chunked
Connection: keep-alive
x-powered-by: Express
access-control-allow-origin: *
etag: W/"406-ut0vzoCuidvyMf8arZpMpJ6ZRDw"
via: 1.1 vegur
Cache-Control: max-age=14400
CF-Cache-Status: HIT
Age: 2226
Expect-CT: max-age=604800, report-uri="https://report-uri.cloudflare.com/cdn-cgi/beacon/expect-ct"
Report-To: {"endpoints":[{"url":"https:\/\/a.nel.cloudflare.com\/report\/v3?s=fLXk5K3Pcbi%2Fto3USSzdAgQm4aDYpAWsaDeO7Yd4%2Fo%2BHAR0R3nANSwfZ%2BqrwOgzHWFqkh3iKXvv0Lb9mW561%2FUOTfhts%2B7f5CrqC7ZhWky6xCzrUzcwOHf2aKIY%3D"}],"group":"cf-nel","max_age":604800}
NEL: {"success_fraction":0,"report_to":"cf-nel","max_age":604800}
Vary: Accept-Encoding
Server: cloudflare
CF-RAY: 69348934a827e526-ARI
Content-Encoding: gzip
alt-svc: h3=":443"; ma=86400, h3-29=":443"; ma=86400, h3-28=":443"; ma=86400, h3-27=":443"; ma=86400

{
    "page": 2,
    "per_page": 6,
    "total": 12,
    "total_pages": 2,
    "data": [
        {
            "id": 7,
            "email": "michael.lawson@reqres.in",
            "first_name": "Michael",
            "last_name": "Lawson",
            "avatar": "https://reqres.in/img/faces/7-image.jpg"
        },
        {
            "id": 8,
            "email": "lindsay.ferguson@reqres.in",
            "first_name": "Lindsay",
            "last_name": "Ferguson",
            "avatar": "https://reqres.in/img/faces/8-image.jpg"
        },
        {
            "id": 9,
            "email": "tobias.funke@reqres.in",
            "first_name": "Tobias",
            "last_name": "Funke",
            "avatar": "https://reqres.in/img/faces/9-image.jpg"
        },
        {
            "id": 10,
            "email": "byron.fields@reqres.in",
            "first_name": "Byron",
            "last_name": "Fields",
            "avatar": "https://reqres.in/img/faces/10-image.jpg"
        },
        {
            "id": 11,
            "email": "george.edwards@reqres.in",
            "first_name": "George",
            "last_name": "Edwards",
            "avatar": "https://reqres.in/img/faces/11-image.jpg"
        },
        {
            "id": 12,
            "email": "rachel.howell@reqres.in",
            "first_name": "Rachel",
            "last_name": "Howell",
            "avatar": "https://reqres.in/img/faces/12-image.jpg"
        }
    ],
    "support": {
        "url": "https://reqres.in/#support-heading",
        "text": "To keep ReqRes free, contributions towards server costs are appreciated!"
    }
}
HTTP/1.1 200 OK
Date: Thu, 23 Sep 2021 14:41:48 GMT
Content-Type: application/json; charset=utf-8
Transfer-Encoding: chunked
Connection: keep-alive
x-powered-by: Express
access-control-allow-origin: *
etag: W/"406-ut0vzoCuidvyMf8arZpMpJ6ZRDw"
via: 1.1 vegur
Cache-Control: max-age=14400
CF-Cache-Status: HIT
Age: 2226
Expect-CT: max-age=604800, report-uri="https://report-uri.cloudflare.com/cdn-cgi/beacon/expect-ct"
Report-To: {"endpoints":[{"url":"https:\/\/a.nel.cloudflare.com\/report\/v3?s=fLXk5K3Pcbi%2Fto3USSzdAgQm4aDYpAWsaDeO7Yd4%2Fo%2BHAR0R3nANSwfZ%2BqrwOgzHWFqkh3iKXvv0Lb9mW561%2FUOTfhts%2B7f5CrqC7ZhWky6xCzrUzcwOHf2aKIY%3D"}],"group":"cf-nel","max_age":604800}
NEL: {"success_fraction":0,"report_to":"cf-nel","max_age":604800}
Vary: Accept-Encoding
Server: cloudflare
CF-RAY: 69348934a827e526-ARI
Content-Encoding: gzip
alt-svc: h3=":443"; ma=86400, h3-29=":443"; ma=86400, h3-28=":443"; ma=86400, h3-27=":443"; ma=86400

{
    "page": 2,
    "per_page": 6,
    "total": 12,
    "total_pages": 2,
    "data": [
        {
            "id": 7,
            "email": "michael.lawson@reqres.in",
            "first_name": "Michael",
            "last_name": "Lawson",
            "avatar": "https://reqres.in/img/faces/7-image.jpg"
        },
        {
            "id": 8,
            "email": "lindsay.ferguson@reqres.in",
            "first_name": "Lindsay",
            "last_name": "Ferguson",
            "avatar": "https://reqres.in/img/faces/8-image.jpg"
        },
        {
            "id": 9,
            "email": "tobias.funke@reqres.in",
            "first_name": "Tobias",
            "last_name": "Funke",
            "avatar": "https://reqres.in/img/faces/9-image.jpg"
        },
        {
            "id": 10,
            "email": "byron.fields@reqres.in",
            "first_name": "Byron",
            "last_name": "Fields",
            "avatar": "https://reqres.in/img/faces/10-image.jpg"
        },
        {
            "id": 11,
            "email": "george.edwards@reqres.in",
            "first_name": "George",
            "last_name": "Edwards",
            "avatar": "https://reqres.in/img/faces/11-image.jpg"
        },
        {
            "id": 12,
            "email": "rachel.howell@reqres.in",
            "first_name": "Rachel",
            "last_name": "Howell",
            "avatar": "https://reqres.in/img/faces/12-image.jpg"
        }
    ],
    "support": {
        "url": "https://reqres.in/#support-heading",
        "text": "To keep ReqRes free, contributions towards server costs are appreciated!"
    }
}
HTTP/1.1 200 OK
Date: Thu, 23 Sep 2021 14:41:48 GMT
Content-Type: application/json; charset=utf-8
Transfer-Encoding: chunked
Connection: keep-alive
x-powered-by: Express
access-control-allow-origin: *
etag: W/"406-ut0vzoCuidvyMf8arZpMpJ6ZRDw"
via: 1.1 vegur
Cache-Control: max-age=14400
CF-Cache-Status: HIT
Age: 2226
Expect-CT: max-age=604800, report-uri="https://report-uri.cloudflare.com/cdn-cgi/beacon/expect-ct"
Report-To: {"endpoints":[{"url":"https:\/\/a.nel.cloudflare.com\/report\/v3?s=fLXk5K3Pcbi%2Fto3USSzdAgQm4aDYpAWsaDeO7Yd4%2Fo%2BHAR0R3nANSwfZ%2BqrwOgzHWFqkh3iKXvv0Lb9mW561%2FUOTfhts%2B7f5CrqC7ZhWky6xCzrUzcwOHf2aKIY%3D"}],"group":"cf-nel","max_age":604800}
NEL: {"success_fraction":0,"report_to":"cf-nel","max_age":604800}
Vary: Accept-Encoding
Server: cloudflare
CF-RAY: 69348934a827e526-ARI
Content-Encoding: gzip
alt-svc: h3=":443"; ma=86400, h3-29=":443"; ma=86400, h3-28=":443"; ma=86400, h3-27=":443"; ma=86400

{
    "page": 2,
    "per_page": 6,
    "total": 12,
    "total_pages": 2,
    "data": [
        {
            "id": 7,
            "email": "michael.lawson@reqres.in",
            "first_name": "Michael",
            "last_name": "Lawson",
            "avatar": "https://reqres.in/img/faces/7-image.jpg"
        },
        {
            "id": 8,
            "email": "lindsay.ferguson@reqres.in",
            "first_name": "Lindsay",
            "last_name": "Ferguson",
            "avatar": "https://reqres.in/img/faces/8-image.jpg"
        },
        {
            "id": 9,
            "email": "tobias.funke@reqres.in",
            "first_name": "Tobias",
            "last_name": "Funke",
            "avatar": "https://reqres.in/img/faces/9-image.jpg"
        },
        {
            "id": 10,
            "email": "byron.fields@reqres.in",
            "first_name": "Byron",
            "last_name": "Fields",
            "avatar": "https://reqres.in/img/faces/10-image.jpg"
        },
        {
            "id": 11,
            "email": "george.edwards@reqres.in",
            "first_name": "George",
            "last_name": "Edwards",
            "avatar": "https://reqres.in/img/faces/11-image.jpg"
        },
        {
            "id": 12,
            "email": "rachel.howell@reqres.in",
            "first_name": "Rachel",
            "last_name": "Howell",
            "avatar": "https://reqres.in/img/faces/12-image.jpg"
        }
    ],
    "support": {
        "url": "https://reqres.in/#support-heading",
        "text": "To keep ReqRes free, contributions towards server costs are appreciated!"
    }
}
1.Page2
2.totalPage2
3.idFirst7

AQUII LILI[{id=11, email=george.edwards@reqres.in, first_name=George, last_name=Edwards, avatar=https://reqres.in/img/faces/11-image.jpg}, {id=12, email=rachel.howell@reqres.in, first_name=Rachel, last_name=Howell, avatar=https://reqres.in/img/faces/12-image.jpg}]

AQUII LILI: george.edwards@reqres.in

AQUII LILI: Rachel
Request method:	PUT
Request URI:	https://reqres.in/api/users/2
Proxy:			<none>
Request params:	<none>
Query params:	<none>
Form params:	<none>
Path params:	<none>
Headers:		Accept=*/*
				Content-Type=application/json
Cookies:		<none>
Multiparts:		<none>
Body:
{
    "name": "morpheus",
    "job": "zion resident"
}
Request method:	PUT
Request URI:	https://reqres.in/api/users/2
Proxy:			<none>
Request params:	<none>
Query params:	<none>
Form params:	<none>
Path params:	<none>
Headers:		Accept=*/*
				Content-Type=application/json
Cookies:		<none>
Multiparts:		<none>
Body:
{
    "name": "morpheus",
    "job": "zion resident"
}
Request method:	PUT
Request URI:	https://reqres.in/api/users/2
Proxy:			<none>
Request params:	<none>
Query params:	<none>
Form params:	<none>
Path params:	<none>
Headers:		Accept=*/*
				Content-Type=application/json
Cookies:		<none>
Multiparts:		<none>
Body:
{
    "name": "morpheus",
    "job": "zion resident"
}
Request method:	PUT
Request URI:	https://reqres.in/api/users/2
Proxy:			<none>
Request params:	<none>
Query params:	<none>
Form params:	<none>
Path params:	<none>
Headers:		Accept=*/*
				Content-Type=application/json
Cookies:		<none>
Multiparts:		<none>
Body:
{
    "name": "morpheus",
    "job": "zion resident"
}
Request method:	PUT
Request URI:	https://reqres.in/api/users/2
Proxy:			<none>
Request params:	<none>
Query params:	<none>
Form params:	<none>
Path params:	<none>
Headers:		Accept=*/*
				Content-Type=application/json
Cookies:		<none>
Multiparts:		<none>
Body:
{
    "name": "morpheus",
    "job": "zion resident"
}
Request method:	PUT
Request URI:	https://reqres.in/api/users/2
Proxy:			<none>
Request params:	<none>
Query params:	<none>
Form params:	<none>
Path params:	<none>
Headers:		Accept=*/*
				Content-Type=application/json
Cookies:		<none>
Multiparts:		<none>
Body:
{
    "name": "morpheus",
    "job": "zion resident"
}
Request method:	PUT
Request URI:	https://reqres.in/api/users/2
Proxy:			<none>
Request params:	<none>
Query params:	<none>
Form params:	<none>
Path params:	<none>
Headers:		Accept=*/*
				Content-Type=application/json
Cookies:		<none>
Multiparts:		<none>
Body:
{
    "name": "morpheus",
    "job": "zion resident"
}
Request method:	PUT
Request URI:	https://reqres.in/api/users/2
Proxy:			<none>
Request params:	<none>
Query params:	<none>
Form params:	<none>
Path params:	<none>
Headers:		Accept=*/*
				Content-Type=application/json
Cookies:		<none>
Multiparts:		<none>
Body:
{
    "name": "morpheus",
    "job": "zion resident"
}
HTTP/1.1 200 OK
Date: Thu, 23 Sep 2021 14:41:49 GMT
Content-Type: application/json; charset=utf-8
Transfer-Encoding: chunked
Connection: keep-alive
x-powered-by: Express
access-control-allow-origin: *
etag: W/"50-+lgDP/xm12l78Q3liqTILJfJFKA"
via: 1.1 vegur
CF-Cache-Status: DYNAMIC
Expect-CT: max-age=604800, report-uri="https://report-uri.cloudflare.com/cdn-cgi/beacon/expect-ct"
Report-To: {"endpoints":[{"url":"https:\/\/a.nel.cloudflare.com\/report\/v3?s=f0XJWdI7wS4cOF%2BTu%2FEYd1WgiJVYccKOaI%2FedriAy69IjABSwwl7htkmFr1uR6BAuSNi%2FGhAd0204CUajiTAmfBC21PWGa%2F8o1jIHkb0S30sf0SdmAQ0LsyhF08%3D"}],"group":"cf-nel","max_age":604800}
NEL: {"success_fraction":0,"report_to":"cf-nel","max_age":604800}
Vary: Accept-Encoding
Server: cloudflare
CF-RAY: 693489370d76e51a-ARI
Content-Encoding: gzip
alt-svc: h3=":443"; ma=86400, h3-29=":443"; ma=86400, h3-28=":443"; ma=86400, h3-27=":443"; ma=86400

{
    "name": "morpheus",
    "job": "zion resident",
    "updatedAt": "2021-09-23T14:41:48.932Z"
}
HTTP/1.1 200 OK
Date: Thu, 23 Sep 2021 14:41:49 GMT
Content-Type: application/json; charset=utf-8
Transfer-Encoding: chunked
Connection: keep-alive
x-powered-by: Express
access-control-allow-origin: *
etag: W/"50-+lgDP/xm12l78Q3liqTILJfJFKA"
via: 1.1 vegur
CF-Cache-Status: DYNAMIC
Expect-CT: max-age=604800, report-uri="https://report-uri.cloudflare.com/cdn-cgi/beacon/expect-ct"
Report-To: {"endpoints":[{"url":"https:\/\/a.nel.cloudflare.com\/report\/v3?s=f0XJWdI7wS4cOF%2BTu%2FEYd1WgiJVYccKOaI%2FedriAy69IjABSwwl7htkmFr1uR6BAuSNi%2FGhAd0204CUajiTAmfBC21PWGa%2F8o1jIHkb0S30sf0SdmAQ0LsyhF08%3D"}],"group":"cf-nel","max_age":604800}
NEL: {"success_fraction":0,"report_to":"cf-nel","max_age":604800}
Vary: Accept-Encoding
Server: cloudflare
CF-RAY: 693489370d76e51a-ARI
Content-Encoding: gzip
alt-svc: h3=":443"; ma=86400, h3-29=":443"; ma=86400, h3-28=":443"; ma=86400, h3-27=":443"; ma=86400

{
    "name": "morpheus",
    "job": "zion resident",
    "updatedAt": "2021-09-23T14:41:48.932Z"
}
HTTP/1.1 200 OK
Date: Thu, 23 Sep 2021 14:41:49 GMT
Content-Type: application/json; charset=utf-8
Transfer-Encoding: chunked
Connection: keep-alive
x-powered-by: Express
access-control-allow-origin: *
etag: W/"50-+lgDP/xm12l78Q3liqTILJfJFKA"
via: 1.1 vegur
CF-Cache-Status: DYNAMIC
Expect-CT: max-age=604800, report-uri="https://report-uri.cloudflare.com/cdn-cgi/beacon/expect-ct"
Report-To: {"endpoints":[{"url":"https:\/\/a.nel.cloudflare.com\/report\/v3?s=f0XJWdI7wS4cOF%2BTu%2FEYd1WgiJVYccKOaI%2FedriAy69IjABSwwl7htkmFr1uR6BAuSNi%2FGhAd0204CUajiTAmfBC21PWGa%2F8o1jIHkb0S30sf0SdmAQ0LsyhF08%3D"}],"group":"cf-nel","max_age":604800}
NEL: {"success_fraction":0,"report_to":"cf-nel","max_age":604800}
Vary: Accept-Encoding
Server: cloudflare
CF-RAY: 693489370d76e51a-ARI
Content-Encoding: gzip
alt-svc: h3=":443"; ma=86400, h3-29=":443"; ma=86400, h3-28=":443"; ma=86400, h3-27=":443"; ma=86400

{
    "name": "morpheus",
    "job": "zion resident",
    "updatedAt": "2021-09-23T14:41:48.932Z"
}
HTTP/1.1 200 OK
Date: Thu, 23 Sep 2021 14:41:49 GMT
Content-Type: application/json; charset=utf-8
Transfer-Encoding: chunked
Connection: keep-alive
x-powered-by: Express
access-control-allow-origin: *
etag: W/"50-+lgDP/xm12l78Q3liqTILJfJFKA"
via: 1.1 vegur
CF-Cache-Status: DYNAMIC
Expect-CT: max-age=604800, report-uri="https://report-uri.cloudflare.com/cdn-cgi/beacon/expect-ct"
Report-To: {"endpoints":[{"url":"https:\/\/a.nel.cloudflare.com\/report\/v3?s=f0XJWdI7wS4cOF%2BTu%2FEYd1WgiJVYccKOaI%2FedriAy69IjABSwwl7htkmFr1uR6BAuSNi%2FGhAd0204CUajiTAmfBC21PWGa%2F8o1jIHkb0S30sf0SdmAQ0LsyhF08%3D"}],"group":"cf-nel","max_age":604800}
NEL: {"success_fraction":0,"report_to":"cf-nel","max_age":604800}
Vary: Accept-Encoding
Server: cloudflare
CF-RAY: 693489370d76e51a-ARI
Content-Encoding: gzip
alt-svc: h3=":443"; ma=86400, h3-29=":443"; ma=86400, h3-28=":443"; ma=86400, h3-27=":443"; ma=86400

{
    "name": "morpheus",
    "job": "zion resident",
    "updatedAt": "2021-09-23T14:41:48.932Z"
}
HTTP/1.1 200 OK
Date: Thu, 23 Sep 2021 14:41:49 GMT
Content-Type: application/json; charset=utf-8
Transfer-Encoding: chunked
Connection: keep-alive
x-powered-by: Express
access-control-allow-origin: *
etag: W/"50-+lgDP/xm12l78Q3liqTILJfJFKA"
via: 1.1 vegur
CF-Cache-Status: DYNAMIC
Expect-CT: max-age=604800, report-uri="https://report-uri.cloudflare.com/cdn-cgi/beacon/expect-ct"
Report-To: {"endpoints":[{"url":"https:\/\/a.nel.cloudflare.com\/report\/v3?s=f0XJWdI7wS4cOF%2BTu%2FEYd1WgiJVYccKOaI%2FedriAy69IjABSwwl7htkmFr1uR6BAuSNi%2FGhAd0204CUajiTAmfBC21PWGa%2F8o1jIHkb0S30sf0SdmAQ0LsyhF08%3D"}],"group":"cf-nel","max_age":604800}
NEL: {"success_fraction":0,"report_to":"cf-nel","max_age":604800}
Vary: Accept-Encoding
Server: cloudflare
CF-RAY: 693489370d76e51a-ARI
Content-Encoding: gzip
alt-svc: h3=":443"; ma=86400, h3-29=":443"; ma=86400, h3-28=":443"; ma=86400, h3-27=":443"; ma=86400

{
    "name": "morpheus",
    "job": "zion resident",
    "updatedAt": "2021-09-23T14:41:48.932Z"
}
HTTP/1.1 200 OK
Date: Thu, 23 Sep 2021 14:41:49 GMT
Content-Type: application/json; charset=utf-8
Transfer-Encoding: chunked
Connection: keep-alive
x-powered-by: Express
access-control-allow-origin: *
etag: W/"50-+lgDP/xm12l78Q3liqTILJfJFKA"
via: 1.1 vegur
CF-Cache-Status: DYNAMIC
Expect-CT: max-age=604800, report-uri="https://report-uri.cloudflare.com/cdn-cgi/beacon/expect-ct"
Report-To: {"endpoints":[{"url":"https:\/\/a.nel.cloudflare.com\/report\/v3?s=f0XJWdI7wS4cOF%2BTu%2FEYd1WgiJVYccKOaI%2FedriAy69IjABSwwl7htkmFr1uR6BAuSNi%2FGhAd0204CUajiTAmfBC21PWGa%2F8o1jIHkb0S30sf0SdmAQ0LsyhF08%3D"}],"group":"cf-nel","max_age":604800}
NEL: {"success_fraction":0,"report_to":"cf-nel","max_age":604800}
Vary: Accept-Encoding
Server: cloudflare
CF-RAY: 693489370d76e51a-ARI
Content-Encoding: gzip
alt-svc: h3=":443"; ma=86400, h3-29=":443"; ma=86400, h3-28=":443"; ma=86400, h3-27=":443"; ma=86400

{
    "name": "morpheus",
    "job": "zion resident",
    "updatedAt": "2021-09-23T14:41:48.932Z"
}
HTTP/1.1 200 OK
Date: Thu, 23 Sep 2021 14:41:49 GMT
Content-Type: application/json; charset=utf-8
Transfer-Encoding: chunked
Connection: keep-alive
x-powered-by: Express
access-control-allow-origin: *
etag: W/"50-+lgDP/xm12l78Q3liqTILJfJFKA"
via: 1.1 vegur
CF-Cache-Status: DYNAMIC
Expect-CT: max-age=604800, report-uri="https://report-uri.cloudflare.com/cdn-cgi/beacon/expect-ct"
Report-To: {"endpoints":[{"url":"https:\/\/a.nel.cloudflare.com\/report\/v3?s=f0XJWdI7wS4cOF%2BTu%2FEYd1WgiJVYccKOaI%2FedriAy69IjABSwwl7htkmFr1uR6BAuSNi%2FGhAd0204CUajiTAmfBC21PWGa%2F8o1jIHkb0S30sf0SdmAQ0LsyhF08%3D"}],"group":"cf-nel","max_age":604800}
NEL: {"success_fraction":0,"report_to":"cf-nel","max_age":604800}
Vary: Accept-Encoding
Server: cloudflare
CF-RAY: 693489370d76e51a-ARI
Content-Encoding: gzip
alt-svc: h3=":443"; ma=86400, h3-29=":443"; ma=86400, h3-28=":443"; ma=86400, h3-27=":443"; ma=86400

{
    "name": "morpheus",
    "job": "zion resident",
    "updatedAt": "2021-09-23T14:41:48.932Z"
}
HTTP/1.1 200 OK
Date: Thu, 23 Sep 2021 14:41:49 GMT
Content-Type: application/json; charset=utf-8
Transfer-Encoding: chunked
Connection: keep-alive
x-powered-by: Express
access-control-allow-origin: *
etag: W/"50-+lgDP/xm12l78Q3liqTILJfJFKA"
via: 1.1 vegur
CF-Cache-Status: DYNAMIC
Expect-CT: max-age=604800, report-uri="https://report-uri.cloudflare.com/cdn-cgi/beacon/expect-ct"
Report-To: {"endpoints":[{"url":"https:\/\/a.nel.cloudflare.com\/report\/v3?s=f0XJWdI7wS4cOF%2BTu%2FEYd1WgiJVYccKOaI%2FedriAy69IjABSwwl7htkmFr1uR6BAuSNi%2FGhAd0204CUajiTAmfBC21PWGa%2F8o1jIHkb0S30sf0SdmAQ0LsyhF08%3D"}],"group":"cf-nel","max_age":604800}
NEL: {"success_fraction":0,"report_to":"cf-nel","max_age":604800}
Vary: Accept-Encoding
Server: cloudflare
CF-RAY: 693489370d76e51a-ARI
Content-Encoding: gzip
alt-svc: h3=":443"; ma=86400, h3-29=":443"; ma=86400, h3-28=":443"; ma=86400, h3-27=":443"; ma=86400

{
    "name": "morpheus",
    "job": "zion resident",
    "updatedAt": "2021-09-23T14:41:48.932Z"
}
]]></system-out>
  <system-err><![CDATA[]]></system-err>
</testsuite>
